app/build/outputs/mapping/release/seeds.txt
com.ne.muslimprayers.qiblafinder.data.viewmodels.PrayerTimingViewModel
com.ne.muslimprayers.qiblafinder.data.model.PrayerReminderKt
com.ne.muslimprayers.qiblafinder.data.model.IslamicCalendar
com.ne.muslimprayers.qiblafinder.ui.fragments.HadithFragment
com.ne.muslimprayers.qiblafinder.ui.fragments.PrayerAlarmFragment
com.ne.muslimprayers.qiblafinder.data.model.SalahTime
com.ne.muslimprayers.qiblafinder.data.viewmodels.CalendarViewModel
com.ne.muslimprayers.qiblafinder.data.model.SalahModel$Companion
com.ne.muslimprayers.qiblafinder.data.model.SalahTime$Companion
com.ne.muslimprayers.qiblafinder.repo.remote.response.MonthResponse
com.ne.muslimprayers.qiblafinder.DataBinderMapperImpl
com.ne.muslimprayers.qiblafinder.ui.fragments.CompassFragment
com.ne.muslimprayers.qiblafinder.services.PrayerAlarmService_GeneratedInjector
com.ne.muslimprayers.qiblafinder.repo.remote.response.ScheduleResponse
com.ne.muslimprayers.qiblafinder.ui.fragments.HomeFragment_GeneratedInjector
com.ne.muslimprayers.qiblafinder.ui.activities.SplashActivity
com.ne.muslimprayers.qiblafinder.App_GeneratedInjector
com.ne.muslimprayers.qiblafinder.ui.fragments.CalendarFragment_GeneratedInjector
com.ne.muslimprayers.qiblafinder.ui.activities.MainActivity
com.ne.muslimprayers.qiblafinder.data.model.PrayerReminder$Companion
com.ne.muslimprayers.qiblafinder.ui.fragments.PrayersTimingFragment_GeneratedInjector
com.ne.muslimprayers.qiblafinder.ui.fragments.PrayersTimingFragment
com.ne.muslimprayers.qiblafinder.data.model.SalahScheduleModelData$Companion
com.ne.muslimprayers.qiblafinder.ui.fragments.PrayerAlarmFragment_GeneratedInjector
com.ne.muslimprayers.qiblafinder.App
com.ne.muslimprayers.qiblafinder.ui.fragments.IbadatFragment_GeneratedInjector
com.ne.muslimprayers.qiblafinder.ui.fragments.CalendarFragment
com.ne.muslimprayers.qiblafinder.repo.remote.network.PrayerService
com.ne.muslimprayers.qiblafinder.data.model.CalendarDataModel
com.ne.muslimprayers.qiblafinder.ui.fragments.IbadatFragment
com.ne.muslimprayers.qiblafinder.repo.remote.response.DateResponse
com.ne.muslimprayers.qiblafinder.repo.remote.response.TimingResponse
com.ne.muslimprayers.qiblafinder.ui.fragments.CompassFragment_GeneratedInjector
com.ne.muslimprayers.qiblafinder.repo.remote.response.MetaResponse
com.ne.muslimprayers.qiblafinder.data.model.PrayerReminder$Creator
com.ne.muslimprayers.qiblafinder.repo.local.AppDatabase
com.ne.muslimprayers.qiblafinder.repo.remote.response.CalendarFormatResponse
com.ne.muslimprayers.qiblafinder.repo.local.AppDatabase_Impl
com.ne.muslimprayers.qiblafinder.repo.remote.network.PrayerService$DefaultImpls
com.ne.muslimprayers.qiblafinder.repo.remote.response.PrayerScheduleResponse
com.ne.muslimprayers.qiblafinder.ui.fragments.QuranFragment_GeneratedInjector
com.ne.muslimprayers.qiblafinder.data.model.SalahDataModel
com.ne.muslimprayers.qiblafinder.data.model.SalahModel
com.ne.muslimprayers.qiblafinder.ui.fragments.MoreFragment
com.ne.muslimprayers.qiblafinder.data.model.PrayerReminder
com.ne.muslimprayers.qiblafinder.repo.remote.response.WeekdayResponse
com.ne.muslimprayers.qiblafinder.data.model.SalahScheduleModelData
com.ne.muslimprayers.qiblafinder.ui.fragments.QuranFragment
com.ne.muslimprayers.qiblafinder.ui.fragments.HomeFragment
com.ne.muslimprayers.qiblafinder.ui.fragments.MoreFragment_GeneratedInjector
com.ne.muslimprayers.qiblafinder.ui.activities.MainActivity_GeneratedInjector
com.ne.muslimprayers.qiblafinder.ui.fragments.HadithFragment_GeneratedInjector
com.ne.muslimprayers.qiblafinder.data.model.IslamicCalendar$Companion
com.ne.muslimprayers.qiblafinder.data.model.LatLongTimeZoneModel
com.ne.muslimprayers.qiblafinder.data.model.SalahDataModel$Companion
com.ne.muslimprayers.qiblafinder.repo.remote.response.DateResponse: com.ne.muslimprayers.qiblafinder.repo.remote.response.CalendarFormatResponse hijri
com.ne.muslimprayers.qiblafinder.repo.remote.response.ScheduleResponse: com.ne.muslimprayers.qiblafinder.repo.remote.response.MetaResponse metaResponse
...
com.google.gson.internal.bind.TypeAdapters$19
com.karumi.dexter.R$anim
com.karumi.dexter.listener.PermissionRequest
androidx.navigation.NavGraphNavigator
com.google.gson.internal.bind.TypeAdapters$20
com.karumi.dexter.listener.SnackbarUtils
androidx.appcompat.widget.ActivityChooserView$InnerLayout
com.google.android.gms.ads.mediation.MediationInterstitialAdapter
android.support.v4.media.MediaBrowserCompat$CustomActionResultReceiver
androidx.work.impl.diagnostics.DiagnosticsReceiver
com.karumi.dexter.R$dimen
androidx.appcompat.widget.SearchView
com.google.gson.Gson$2
androidx.recyclerview.widget.StaggeredGridLayoutManager
com.karumi.dexter.listener.single.SnackbarOnPermanentlyDeniedPermissionListener$1
kotlinx.coroutines.internal.StackTraceRecoveryKt
com.karumi.dexter.listener.multi.SnackbarOnAnyDeniedMultiplePermissionsListener$1
com.google.android.gms.common.GooglePlayServicesMissingManifestValueException
com.google.android.material.internal.NavigationMenuItemView
com.google.android.gms.ads.MobileAds
com.karumi.dexter.PermissionToken
com.karumi.dexter.MainThread
com.google.android.gms.ads.internal.util.WorkManagerUtil
com.google.gson.internal.bind.TreeTypeAdapter$SingleTypeFactory
com.google.gson.internal.bind.TypeAdapters$7
androidx.appcompat.widget.ContentFrameLayout
com.google.android.gms.common.api.internal.LifecycleCallback
com.google.gson.internal.sql.SqlTimeTypeAdapter$1
com.google.android.datatransport.runtime.backends.TransportBackendDiscovery
androidx.work.WorkManagerInitializer
com.google.gson.internal.bind.TreeTypeAdapter
com.karumi.dexter.listener.single.SnackbarOnPermanentlyDeniedPermissionListener
androidx.fragment.app.DialogFragment
com.google.gson.Gson$FutureTypeAdapter
androidx.work.impl.background.systemalarm.ConstraintProxy$NetworkStateProxy
com.google.android.gms.common.api.GoogleApiActivity
com.google.android.gms.common.api.Scope
id.derysudrajat.easyadapter.DataBinderMapperImpl
com.karumi.dexter.listener.SettingsClickListener
androidx.viewpager2.adapter.FragmentStateAdapter$FragmentMaxLifecycleEnforcer$3
android.support.v4.media.session.MediaSessionCompat$QueueItem
com.karumi.dexter.DexterException
androidx.appcompat.widget.FitWindowsLinearLayout
com.karumi.dexter.listener.multi.DialogOnAnyDeniedMultiplePermissionsListener
com.karumi.dexter.MultiplePermissionsListenerToPermissionListenerAdapter
coil.request.ViewTargetRequestDelegate
androidx.lifecycle.SingleGeneratedAdapterObserver
com.karumi.dexter.R$string
com.google.android.datatransport.runtime.scheduling.jobscheduling.AlarmManagerSchedulerBroadcastReceiver
com.google.android.gms.ads.mediation.customevent.CustomEventAdapter
com.google.android.gms.measurement.AppMeasurementService
com.google.android.material.appbar.MaterialToolbar
com.karumi.dexter.ThreadFactory
com.karumi.dexter.listener.EmptyPermissionRequestErrorListener
com.karumi.dexter.listener.single.SnackbarOnDeniedPermissionListener$1
com.karumi.dexter.listener.multi.BaseMultiplePermissionsListener
com.google.android.gms.internal.ads.zzbqu
android.support.v4.media.MediaBrowserCompat$MediaItem
com.google.gson.internal.bind.TypeAdapters$30
com.google.gson.internal.bind.TypeAdapters$10
com.google.android.gms.ads.AdView
com.karumi.dexter.listener.single.SnackbarOnPermanentlyDeniedPermissionListener$Builder
dagger.hilt.android.internal.managers.ActivityRetainedComponentManager$ActivityRetainedLifecycleEntryPoint
android.support.v4.media.MediaBrowserCompat$SearchResultReceiver
com.google.gson.internal.bind.TypeAdapters$21
androidx.lifecycle.CompositeGeneratedAdaptersObserver
android.support.v4.media.RatingCompat
com.google.gson.internal.bind.TypeAdapters$28
com.google.android.material.appbar.AppBarLayout$BaseBehavior
com.google.gson.internal.bind.ObjectTypeAdapter
androidx.lifecycle.LegacySavedStateHandleController$tryToAddRecreator$1
com.google.gson.internal.bind.TypeAdapters$24
com.google.gson.internal.bind.TypeAdapters$22
androidx.appcompat.widget.AlertDialogLayout